2026-07-20 14:17:40 | INFO | Starting experiment=zero_shot model=urchade/gliner_small-v2.1 dataset=conll2003 split=test checkpoint=urchade/gliner_small-v2.1 examples=5 labels=['person', 'organization', 'location', 'miscellaneous'] threshold=0.50
2026-07-20 14:17:40 | INFO | Starting experiment=label_prompt model=urchade/gliner_small-v2.1 dataset=conll2003 split=test checkpoint=urchade/gliner_small-v2.1 examples=3 labels=['person', 'organization', 'location', 'miscellaneous'] threshold=0.50
2026-07-20 14:17:44 | INFO | Finished experiment=label_prompt model=urchade/gliner_small-v2.1 precision=0.6667 recall=0.8000 f1=0.7273 time_total=3.83s time_avg=1.2775s predicted=6 reference=5
2026-07-20 14:17:44 | INFO | Finished experiment=zero_shot model=urchade/gliner_small-v2.1 precision=0.6000 recall=0.6000 f1=0.6000 time_total=4.07s time_avg=0.8148s predicted=10 reference=10
2026-07-20 14:17:45 | INFO | Starting experiment=label_prompt model=urchade/gliner_small-v2.1 dataset=conll2003 split=test checkpoint=urchade/gliner_small-v2.1 examples=3 labels=['PER', 'ORG', 'LOC', 'MISC'] threshold=0.50
2026-07-20 14:17:46 | INFO | Finished experiment=label_prompt model=urchade/gliner_small-v2.1 precision=0.0000 recall=0.0000 f1=0.0000 time_total=0.31s time_avg=0.1026s predicted=0 reference=5
2026-07-20 14:17:48 | INFO | Starting experiment=label_prompt model=urchade/gliner_small-v2.1 dataset=conll2003 split=test checkpoint=urchade/gliner_small-v2.1 examples=3 labels=['human', 'company', 'country', 'other entity'] threshold=0.50
2026-07-20 14:17:48 | INFO | Finished experiment=label_prompt model=urchade/gliner_small-v2.1 precision=0.6667 recall=0.4000 f1=0.5000 time_total=0.24s time_avg=0.0799s predicted=3 reference=5
2026-07-20 14:17:50 | INFO | Starting experiment=label_prompt model=urchade/gliner_small-v2.1 dataset=conll2003 split=test checkpoint=urchade/gliner_small-v2.1 examples=3 labels=['human being', 'organization', 'geographical location', 'miscellaneous named entity'] threshold=0.50
2026-07-20 14:17:50 | INFO | Finished experiment=label_prompt model=urchade/gliner_small-v2.1 precision=0.6667 recall=0.8000 f1=0.7273 time_total=0.23s time_avg=0.0781s predicted=6 reference=5
2026-07-20 14:23:25 | INFO | Starting experiment=label_prompt model=urchade/gliner_small-v2.1 dataset=conll2003 split=test checkpoint=urchade/gliner_small-v2.1 examples=3 labels=['person', 'organization', 'location', 'miscellaneous'] threshold=0.50
2026-07-20 14:23:25 | INFO | Finished experiment=label_prompt model=urchade/gliner_small-v2.1 precision=0.6667 recall=0.8000 f1=0.7273 time_total=0.17s time_avg=0.0566s predicted=6 reference=5
2026-07-20 14:23:25 | INFO | Starting experiment=zero_shot model=urchade/gliner_small-v2.1 dataset=conll2003 split=test checkpoint=urchade/gliner_small-v2.1 examples=5 labels=['person', 'organization', 'location', 'miscellaneous'] threshold=0.50
2026-07-20 14:23:25 | INFO | Finished experiment=zero_shot model=urchade/gliner_small-v2.1 precision=0.6000 recall=0.6000 f1=0.6000 time_total=0.29s time_avg=0.0580s predicted=10 reference=10
2026-07-20 14:23:26 | INFO | Starting experiment=label_prompt model=urchade/gliner_small-v2.1 dataset=conll2003 split=test checkpoint=urchade/gliner_small-v2.1 examples=3 labels=['PER', 'ORG', 'LOC', 'MISC'] threshold=0.50
2026-07-20 14:23:27 | INFO | Finished experiment=label_prompt model=urchade/gliner_small-v2.1 precision=0.0000 recall=0.0000 f1=0.0000 time_total=0.16s time_avg=0.0519s predicted=0 reference=5
2026-07-20 14:23:28 | INFO | Starting experiment=label_prompt model=urchade/gliner_small-v2.1 dataset=conll2003 split=test checkpoint=urchade/gliner_small-v2.1 examples=3 labels=['human', 'company', 'country', 'other entity'] threshold=0.50
2026-07-20 14:23:28 | INFO | Finished experiment=label_prompt model=urchade/gliner_small-v2.1 precision=0.6667 recall=0.4000 f1=0.5000 time_total=0.19s time_avg=0.0620s predicted=3 reference=5
2026-07-20 14:23:30 | INFO | Starting experiment=label_prompt model=urchade/gliner_small-v2.1 dataset=conll2003 split=test checkpoint=urchade/gliner_small-v2.1 examples=3 labels=['human being', 'organization', 'geographical location', 'miscellaneous named entity'] threshold=0.50
2026-07-20 14:23:30 | INFO | Finished experiment=label_prompt model=urchade/gliner_small-v2.1 precision=0.6667 recall=0.8000 f1=0.7273 time_total=0.23s time_avg=0.0776s predicted=6 reference=5
2026-07-20 14:23:46 | INFO | Starting experiment=compare_models model=GLiNER Large dataset=conll2003 split=test checkpoint=urchade/gliner_large-v2.1 examples=1 labels=['person', 'organization', 'location', 'miscellaneous'] threshold=0.50
2026-07-20 14:23:47 | INFO | Finished experiment=compare_models model=GLiNER Large precision=0.3333 recall=0.5000 f1=0.4000 time_total=0.32s time_avg=0.3199s predicted=3 reference=2
2026-07-20 14:24:07 | INFO | Starting experiment=compare_models model=GLiNER Base dataset=conll2003 split=test checkpoint=urchade/gliner_base examples=1 labels=['person', 'organization', 'location', 'miscellaneous'] threshold=0.50
2026-07-20 14:24:08 | INFO | Finished experiment=compare_models model=GLiNER Base precision=0.5000 recall=0.5000 f1=0.5000 time_total=0.14s time_avg=0.1369s predicted=2 reference=2
2026-07-20 14:24:13 | INFO | Starting experiment=compare_models model=GLiNER Small dataset=conll2003 split=test checkpoint=urchade/gliner_small-v2.1 examples=1 labels=['person', 'organization', 'location', 'miscellaneous'] threshold=0.50
2026-07-20 14:24:13 | INFO | Finished experiment=compare_models model=GLiNER Small precision=0.3333 recall=0.5000 f1=0.4000 time_total=0.06s time_avg=0.0591s predicted=3 reference=2
2026-07-20 14:25:08 | INFO | Starting experiment=label_prompt model=urchade/gliner_large-v2.1 dataset=conll2003 split=test checkpoint=urchade/gliner_large-v2.1 examples=10 labels=['person', 'organization', 'location', 'miscellaneous'] threshold=0.50
2026-07-20 14:25:08 | INFO | Starting experiment=zero_shot model=urchade/gliner_large-v2.1 dataset=conll2003 split=test checkpoint=urchade/gliner_large-v2.1 examples=10 labels=['person', 'organization', 'location', 'miscellaneous'] threshold=0.50
2026-07-20 14:26:08 | INFO | Finished experiment=zero_shot model=urchade/gliner_large-v2.1 precision=0.5000 recall=0.5714 f1=0.5333 time_total=55.86s time_avg=5.5859s predicted=24 reference=21
2026-07-20 14:26:08 | INFO | Finished experiment=label_prompt model=urchade/gliner_large-v2.1 precision=0.5000 recall=0.5714 f1=0.5333 time_total=55.81s time_avg=5.5814s predicted=24 reference=21
2026-07-20 14:26:10 | INFO | Starting experiment=label_prompt model=urchade/gliner_large-v2.1 dataset=conll2003 split=test checkpoint=urchade/gliner_large-v2.1 examples=10 labels=['PER', 'ORG', 'LOC', 'MISC'] threshold=0.50
2026-07-20 14:26:14 | INFO | Finished experiment=label_prompt model=urchade/gliner_large-v2.1 precision=0.1429 recall=0.0476 f1=0.0714 time_total=3.93s time_avg=0.3934s predicted=7 reference=21
2026-07-20 14:26:15 | INFO | Starting experiment=label_prompt model=urchade/gliner_large-v2.1 dataset=conll2003 split=test checkpoint=urchade/gliner_large-v2.1 examples=10 labels=['human', 'company', 'country', 'other entity'] threshold=0.50
2026-07-20 14:26:20 | INFO | Finished experiment=label_prompt model=urchade/gliner_large-v2.1 precision=0.8000 recall=0.5714 f1=0.6667 time_total=3.91s time_avg=0.3905s predicted=15 reference=21
2026-07-20 14:26:21 | INFO | Starting experiment=label_prompt model=urchade/gliner_large-v2.1 dataset=conll2003 split=test checkpoint=urchade/gliner_large-v2.1 examples=10 labels=['human being', 'organization', 'geographical location', 'miscellaneous named entity'] threshold=0.50
2026-07-20 14:26:27 | INFO | Finished experiment=label_prompt model=urchade/gliner_large-v2.1 precision=0.2632 recall=0.2381 f1=0.2500 time_total=4.84s time_avg=0.4841s predicted=19 reference=21
2026-07-20 14:26:50 | INFO | Starting experiment=zero_shot model=urchade/gliner_large-v2.1 dataset=conll2003 split=test checkpoint=urchade/gliner_large-v2.1 examples=10 labels=['person', 'organization', 'location', 'miscellaneous'] threshold=0.50
2026-07-20 14:26:54 | INFO | Finished experiment=zero_shot model=urchade/gliner_large-v2.1 precision=0.5000 recall=0.5714 f1=0.5333 time_total=3.47s time_avg=0.3472s predicted=24 reference=21
2026-07-20 14:27:09 | INFO | Starting experiment=label_prompt model=urchade/gliner_large-v2.1 dataset=conll2003 split=test checkpoint=urchade/gliner_large-v2.1 examples=10 labels=['person', 'organization', 'location', 'miscellaneous'] threshold=0.50
2026-07-20 14:27:13 | INFO | Finished experiment=label_prompt model=urchade/gliner_large-v2.1 precision=0.5000 recall=0.5714 f1=0.5333 time_total=3.32s time_avg=0.3322s predicted=24 reference=21
2026-07-20 14:27:14 | INFO | Starting experiment=label_prompt model=urchade/gliner_large-v2.1 dataset=conll2003 split=test checkpoint=urchade/gliner_large-v2.1 examples=10 labels=['PER', 'ORG', 'LOC', 'MISC'] threshold=0.50
2026-07-20 14:27:18 | INFO | Finished experiment=label_prompt model=urchade/gliner_large-v2.1 precision=0.1429 recall=0.0476 f1=0.0714 time_total=3.38s time_avg=0.3375s predicted=7 reference=21
2026-07-20 14:27:19 | INFO | Starting experiment=label_prompt model=urchade/gliner_large-v2.1 dataset=conll2003 split=test checkpoint=urchade/gliner_large-v2.1 examples=10 labels=['human', 'company', 'country', 'other entity'] threshold=0.50
2026-07-20 14:27:23 | INFO | Finished experiment=label_prompt model=urchade/gliner_large-v2.1 precision=0.8000 recall=0.5714 f1=0.6667 time_total=3.48s time_avg=0.3476s predicted=15 reference=21
2026-07-20 14:27:25 | INFO | Starting experiment=label_prompt model=urchade/gliner_large-v2.1 dataset=conll2003 split=test checkpoint=urchade/gliner_large-v2.1 examples=10 labels=['human being', 'organization', 'geographical location', 'miscellaneous named entity'] threshold=0.50
2026-07-20 14:27:28 | INFO | Finished experiment=label_prompt model=urchade/gliner_large-v2.1 precision=0.2632 recall=0.2381 f1=0.2500 time_total=3.42s time_avg=0.3420s predicted=19 reference=21
2026-07-20 14:27:43 | INFO | Starting experiment=compare_models model=GLiNER Large dataset=conll2003 split=test checkpoint=urchade/gliner_large-v2.1 examples=10 labels=['person', 'organization', 'location', 'miscellaneous'] threshold=0.50
2026-07-20 14:27:47 | INFO | Finished experiment=compare_models model=GLiNER Large precision=0.5000 recall=0.5714 f1=0.5333 time_total=3.39s time_avg=0.3391s predicted=24 reference=21
2026-07-20 14:27:53 | INFO | Starting experiment=compare_models model=GLiNER Base dataset=conll2003 split=test checkpoint=urchade/gliner_base examples=10 labels=['person', 'organization', 'location', 'miscellaneous'] threshold=0.50
2026-07-20 14:27:55 | INFO | Finished experiment=compare_models model=GLiNER Base precision=0.5600 recall=0.6667 f1=0.6087 time_total=1.06s time_avg=0.1062s predicted=25 reference=21
2026-07-20 14:28:01 | INFO | Starting experiment=compare_models model=GLiNER Small dataset=conll2003 split=test checkpoint=urchade/gliner_small-v2.1 examples=10 labels=['person', 'organization', 'location', 'miscellaneous'] threshold=0.50
2026-07-20 14:28:01 | INFO | Finished experiment=compare_models model=GLiNER Small precision=0.6111 recall=0.5238 f1=0.5641 time_total=0.60s time_avg=0.0600s predicted=18 reference=21
2026-07-20 14:58:36 | INFO | Starting experiment=ood_open_source_compare model=GLiNER (urchade/gliner_small-v2.1) dataset=mit_movie split=test checkpoint=urchade/gliner_small-v2.1 examples=2 labels=['actor', 'plot', 'opinion', 'award', 'year', 'genre', 'origin', 'director', 'soundtrack', 'relationship', 'character name', 'quote'] threshold=0.50
2026-07-20 14:58:36 | INFO | Starting experiment=tweetner7_zero_shot model=urchade/gliner_small-v2.1 dataset=tweetner7_2021 split=test checkpoint=urchade/gliner_small-v2.1 examples=5 labels=['corporation', 'creative work', 'event', 'group', 'location', 'person', 'product'] threshold=0.50
2026-07-20 14:58:41 | INFO | Finished experiment=ood_open_source_compare model=GLiNER (urchade/gliner_small-v2.1) precision=0.5000 recall=0.1429 f1=0.2222 time_total=3.69s time_avg=1.8448s predicted=2 reference=7
2026-07-20 14:58:41 | INFO | Starting experiment=ood_open_source_compare model=GLiNER (urchade/gliner_small-v2.1) dataset=mit_restaurant split=test checkpoint=urchade/gliner_small-v2.1 examples=2 labels=['rating', 'amenity', 'location', 'restaurant name', 'price', 'hours', 'dish', 'cuisine'] threshold=0.50
2026-07-20 14:58:45 | INFO | Finished experiment=tweetner7_zero_shot model=urchade/gliner_small-v2.1 precision=0.5714 recall=0.5714 f1=0.5714 time_total=6.44s time_avg=1.2883s predicted=14 reference=14
2026-07-20 14:58:45 | INFO | Finished experiment=ood_open_source_compare model=GLiNER (urchade/gliner_small-v2.1) precision=0.5000 recall=0.2000 f1=0.2857 time_total=1.96s time_avg=0.9814s predicted=2 reference=5
2026-07-20 14:58:45 | INFO | Starting experiment=ood_open_source_compare model=GLiNER (urchade/gliner_small-v2.1) dataset=crossner_ai split=test checkpoint=urchade/gliner_small-v2.1 examples=2 labels=['product', 'field', 'task', 'researcher', 'university', 'programming language', 'algorithm', 'misc', 'metrics', 'organization', 'conference', 'country', 'location', 'person'] threshold=0.50
2026-07-20 14:58:45 | INFO | Finished experiment=ood_open_source_compare model=GLiNER (urchade/gliner_small-v2.1) precision=0.5000 recall=0.5000 f1=0.5000 time_total=0.30s time_avg=0.1497s predicted=6 reference=6
2026-07-20 14:58:46 | INFO | Starting experiment=ood_open_source_compare model=GLiNER (urchade/gliner_small-v2.1) dataset=crossner_literature split=test checkpoint=urchade/gliner_small-v2.1 examples=2 labels=['person', 'country', 'writer', 'misc', 'book', 'award', 'literary genre', 'poem', 'location', 'magazine', 'event', 'organization'] threshold=0.50
2026-07-20 14:58:46 | INFO | Finished experiment=ood_open_source_compare model=GLiNER (urchade/gliner_small-v2.1) precision=0.9167 recall=0.6471 f1=0.7586 time_total=0.20s time_avg=0.1012s predicted=12 reference=17
2026-07-20 14:58:47 | INFO | Starting experiment=ood_open_source_compare model=GLiNER (urchade/gliner_small-v2.1) dataset=crossner_music split=test checkpoint=urchade/gliner_small-v2.1 examples=2 labels=['location', 'event', 'country', 'band', 'person', 'song', 'musical artist', 'music genre', 'misc', 'album', 'organization', 'award', 'musical instrument'] threshold=0.50
2026-07-20 14:58:47 | INFO | Finished experiment=ood_open_source_compare model=GLiNER (urchade/gliner_small-v2.1) precision=0.8889 recall=0.8889 f1=0.8889 time_total=0.20s time_avg=0.1018s predicted=9 reference=9
2026-07-20 14:58:48 | INFO | Starting experiment=ood_open_source_compare model=GLiNER (urchade/gliner_small-v2.1) dataset=crossner_politics split=test checkpoint=urchade/gliner_small-v2.1 examples=2 labels=['political party', 'politician', 'election', 'location', 'person', 'organization', 'misc', 'country', 'event'] threshold=0.50
2026-07-20 14:58:48 | INFO | Finished experiment=ood_open_source_compare model=GLiNER (urchade/gliner_small-v2.1) precision=0.6667 recall=0.8889 f1=0.7619 time_total=0.17s time_avg=0.0838s predicted=12 reference=9
2026-07-20 14:58:48 | INFO | Starting experiment=ood_open_source_compare model=GLiNER (urchade/gliner_small-v2.1) dataset=crossner_science split=test checkpoint=urchade/gliner_small-v2.1 examples=2 labels=['chemical compound', 'scientist', 'location', 'astronomical object', 'misc', 'protein', 'person', 'university', 'theory', 'enzyme', 'organization', 'award', 'country', 'event', 'discipline', 'chemical element', 'academic journal'] threshold=0.50
2026-07-20 14:58:49 | INFO | Finished experiment=ood_open_source_compare model=GLiNER (urchade/gliner_small-v2.1) precision=0.5556 recall=0.4545 f1=0.5000 time_total=0.19s time_avg=0.0946s predicted=9 reference=11
2026-07-20 15:06:41 | INFO | Starting experiment=ood_open_source_compare model=GLiNER (urchade/gliner_large-v2.1) dataset=mit_movie split=test checkpoint=urchade/gliner_large-v2.1 examples=8 labels=['actor', 'plot', 'opinion', 'award', 'year', 'genre', 'origin', 'director', 'soundtrack', 'relationship', 'character name', 'quote'] threshold=0.50
2026-07-20 15:06:58 | INFO | Finished experiment=ood_open_source_compare model=GLiNER (urchade/gliner_large-v2.1) precision=0.4286 recall=0.3913 f1=0.4091 time_total=9.91s time_avg=1.2392s predicted=21 reference=23
2026-07-20 15:06:59 | INFO | Starting experiment=ood_open_source_compare model=GLiNER (urchade/gliner_large-v2.1) dataset=mit_restaurant split=test checkpoint=urchade/gliner_large-v2.1 examples=8 labels=['rating', 'amenity', 'location', 'restaurant name', 'price', 'hours', 'dish', 'cuisine'] threshold=0.50
2026-07-20 15:07:12 | INFO | Finished experiment=ood_open_source_compare model=GLiNER (urchade/gliner_large-v2.1) precision=0.6250 recall=0.4762 f1=0.5405 time_total=8.98s time_avg=1.1230s predicted=16 reference=21
2026-07-20 15:07:13 | INFO | Starting experiment=ood_open_source_compare model=GLiNER (urchade/gliner_large-v2.1) dataset=crossner_ai split=test checkpoint=urchade/gliner_large-v2.1 examples=8 labels=['product', 'field', 'task', 'researcher', 'university', 'programming language', 'algorithm', 'miscellaneous', 'metrics', 'organization', 'conference', 'country', 'location', 'person'] threshold=0.50
2026-07-20 15:07:16 | INFO | Finished experiment=ood_open_source_compare model=GLiNER (urchade/gliner_large-v2.1) precision=0.4783 recall=0.4583 f1=0.4681 time_total=2.05s time_avg=0.2567s predicted=23 reference=24
2026-07-20 15:07:16 | INFO | Starting experiment=ood_open_source_compare model=GLiNER (urchade/gliner_large-v2.1) dataset=crossner_literature split=test checkpoint=urchade/gliner_large-v2.1 examples=8 labels=['person', 'country', 'writer', 'miscellaneous', 'book', 'award', 'literary genre', 'poem', 'location', 'magazine', 'event', 'organization'] threshold=0.50
2026-07-20 15:07:19 | INFO | Finished experiment=ood_open_source_compare model=GLiNER (urchade/gliner_large-v2.1) precision=0.6429 recall=0.5625 f1=0.6000 time_total=2.47s time_avg=0.3085s predicted=42 reference=48
2026-07-20 15:07:20 | INFO | Starting experiment=ood_open_source_compare model=GLiNER (urchade/gliner_large-v2.1) dataset=crossner_music split=test checkpoint=urchade/gliner_large-v2.1 examples=8 labels=['location', 'event', 'country', 'band', 'person', 'song', 'musical artist', 'music genre', 'miscellaneous', 'album', 'organization', 'award', 'musical instrument'] threshold=0.50
2026-07-20 15:07:24 | INFO | Finished experiment=ood_open_source_compare model=GLiNER (urchade/gliner_large-v2.1) precision=0.8767 recall=0.8312 f1=0.8533 time_total=3.77s time_avg=0.4716s predicted=73 reference=77
2026-07-20 15:07:24 | INFO | Starting experiment=ood_open_source_compare model=GLiNER (urchade/gliner_large-v2.1) dataset=crossner_politics split=test checkpoint=urchade/gliner_large-v2.1 examples=8 labels=['political party', 'politician', 'election', 'location', 'person', 'organization', 'miscellaneous', 'country', 'event'] threshold=0.50
2026-07-20 15:07:28 | INFO | Finished experiment=ood_open_source_compare model=GLiNER (urchade/gliner_large-v2.1) precision=0.4468 recall=0.5526 f1=0.4941 time_total=2.89s time_avg=0.3615s predicted=47 reference=38
2026-07-20 15:07:28 | INFO | Starting experiment=ood_open_source_compare model=GLiNER (urchade/gliner_large-v2.1) dataset=crossner_science split=test checkpoint=urchade/gliner_large-v2.1 examples=8 labels=['chemical compound', 'scientist', 'location', 'astronomical object', 'miscellaneous', 'protein', 'person', 'university', 'theory', 'enzyme', 'organization', 'award', 'country', 'event', 'discipline', 'chemical element', 'academic journal'] threshold=0.50
2026-07-20 15:07:33 | INFO | Finished experiment=ood_open_source_compare model=GLiNER (urchade/gliner_large-v2.1) precision=0.4615 recall=0.4800 f1=0.4706 time_total=4.26s time_avg=0.5330s predicted=52 reference=50
2026-07-20 15:07:54 | INFO | Starting experiment=ood_open_source_compare model=GLiNER (urchade/gliner_large-v2.1) dataset=mit_movie split=test checkpoint=urchade/gliner_large-v2.1 examples=200 labels=['actor', 'plot', 'opinion', 'award', 'year', 'genre', 'origin', 'director', 'soundtrack', 'relationship', 'character name', 'quote'] threshold=0.50
2026-07-20 15:10:41 | INFO | Finished experiment=ood_open_source_compare model=GLiNER (urchade/gliner_large-v2.1) precision=0.4303 recall=0.4634 f1=0.4463 time_total=160.94s time_avg=0.8047s predicted=574 reference=533
2026-07-20 15:10:41 | INFO | Starting experiment=ood_open_source_compare model=GLiNER (urchade/gliner_large-v2.1) dataset=mit_restaurant split=test checkpoint=urchade/gliner_large-v2.1 examples=200 labels=['rating', 'amenity', 'location', 'restaurant name', 'price', 'hours', 'dish', 'cuisine'] threshold=0.50
2026-07-20 15:11:20 | INFO | Finished experiment=ood_open_source_compare model=GLiNER (urchade/gliner_large-v2.1) precision=0.5373 recall=0.4119 f1=0.4663 time_total=38.39s time_avg=0.1920s predicted=335 reference=437
2026-07-20 15:11:20 | INFO | Starting experiment=ood_open_source_compare model=GLiNER (urchade/gliner_large-v2.1) dataset=crossner_ai split=test checkpoint=urchade/gliner_large-v2.1 examples=200 labels=['product', 'field', 'task', 'researcher', 'university', 'programming language', 'algorithm', 'miscellaneous', 'metrics', 'organization', 'conference', 'country', 'location', 'person'] threshold=0.50
2026-07-20 15:12:37 | INFO | Finished experiment=ood_open_source_compare model=GLiNER (urchade/gliner_large-v2.1) precision=0.5403 recall=0.5153 f1=0.5275 time_total=75.80s time_avg=0.3790s predicted=781 reference=819
2026-07-20 15:12:37 | INFO | Starting experiment=ood_open_source_compare model=GLiNER (urchade/gliner_large-v2.1) dataset=crossner_literature split=test checkpoint=urchade/gliner_large-v2.1 examples=200 labels=['person', 'country', 'writer', 'miscellaneous', 'book', 'award', 'literary genre', 'poem', 'location', 'magazine', 'event', 'organization'] threshold=0.50
2026-07-20 15:14:00 | INFO | Finished experiment=ood_open_source_compare model=GLiNER (urchade/gliner_large-v2.1) precision=0.5925 recall=0.5647 f1=0.5783 time_total=82.37s time_avg=0.4118s predicted=1038 reference=1089
2026-07-20 15:14:01 | INFO | Starting experiment=ood_open_source_compare model=GLiNER (urchade/gliner_large-v2.1) dataset=crossner_music split=test checkpoint=urchade/gliner_large-v2.1 examples=200 labels=['location', 'event', 'country', 'band', 'person', 'song', 'musical artist', 'music genre', 'miscellaneous', 'album', 'organization', 'award', 'musical instrument'] threshold=0.50
2026-07-20 15:15:30 | INFO | Finished experiment=ood_open_source_compare model=GLiNER (urchade/gliner_large-v2.1) precision=0.7353 recall=0.7332 f1=0.7343 time_total=88.54s time_avg=0.4427s predicted=1413 reference=1417
2026-07-20 15:15:31 | INFO | Starting experiment=ood_open_source_compare model=GLiNER (urchade/gliner_large-v2.1) dataset=crossner_politics split=test checkpoint=urchade/gliner_large-v2.1 examples=200 labels=['political party', 'politician', 'election', 'location', 'person', 'organization', 'miscellaneous', 'country', 'event'] threshold=0.50
2026-07-20 15:16:51 | INFO | Finished experiment=ood_open_source_compare model=GLiNER (urchade/gliner_large-v2.1) precision=0.6440 recall=0.6354 f1=0.6397 time_total=79.51s time_avg=0.3975s predicted=1326 reference=1344
2026-07-20 15:16:51 | INFO | Starting experiment=ood_open_source_compare model=GLiNER (urchade/gliner_large-v2.1) dataset=crossner_science split=test checkpoint=urchade/gliner_large-v2.1 examples=200 labels=['chemical compound', 'scientist', 'location', 'astronomical object', 'miscellaneous', 'protein', 'person', 'university', 'theory', 'enzyme', 'organization', 'award', 'country', 'event', 'discipline', 'chemical element', 'academic journal'] threshold=0.50
2026-07-20 15:18:27 | INFO | Finished experiment=ood_open_source_compare model=GLiNER (urchade/gliner_large-v2.1) precision=0.5893 recall=0.6192 f1=0.6039 time_total=94.96s time_avg=0.4748s predicted=1159 reference=1103
2026-07-20 15:18:48 | INFO | Starting experiment=tweetner7_zero_shot model=urchade/gliner_large-v2.1 dataset=tweetner7_2021 split=test checkpoint=urchade/gliner_large-v2.1 examples=300 labels=['corporation', 'creative work', 'event', 'group', 'location', 'person', 'product'] threshold=0.50
2026-07-20 15:20:44 | INFO | Finished experiment=tweetner7_zero_shot model=urchade/gliner_large-v2.1 precision=0.3776 recall=0.4616 f1=0.4154 time_total=115.35s time_avg=0.3845s predicted=1099 reference=899
